-------------------------------------------------------------------------------
Test set: cbo.tutorials.features.search.SearchByKeywordStory
-------------------------------------------------------------------------------
Tests run: 3, Failures: 0, Errors: 2, Skipped: 1, Time elapsed: 95.563 sec <<< FAILURE! - in cbo.tutorials.features.search.SearchByKeywordStory
searching_by_keyword_banana_should_display_the_corresponding_article(cbo.tutorials.features.search.SearchByKeywordStory)  Time elapsed: 46.981 sec  <<< ERROR!
net.thucydides.core.webdriver.UnsupportedDriverException: Could not instantiate class org.openqa.selenium.firefox.FirefoxDriver
	at cbo.tutorials.steps.serenity.EndUserSteps.is_the_home_page(EndUserSteps.java:32)
	at cbo.tutorials.features.search.SearchByKeywordStory.searching_by_keyword_banana_should_display_the_corresponding_article(SearchByKeywordStory.java:35)

searching_by_keyword_apple_should_display_the_corresponding_article(cbo.tutorials.features.search.SearchByKeywordStory)  Time elapsed: 45.522 sec  <<< ERROR!
net.thucydides.core.webdriver.UnsupportedDriverException: Could not instantiate class org.openqa.selenium.firefox.FirefoxDriver
	at cbo.tutorials.steps.serenity.EndUserSteps.is_the_home_page(EndUserSteps.java:32)
	at cbo.tutorials.features.search.SearchByKeywordStory.searching_by_keyword_apple_should_display_the_corresponding_article(SearchByKeywordStory.java:27)

