<acceptance-test-run title="Searching by keyword banana should display the corresponding article" name="searching_by_keyword_banana_should_display_the_corresponding_article" steps="3" successful="0" failures="0" errors="1" skipped="2" ignored="0" pending="0" annotated-result="ERROR" result="ERROR" duration="46974" timestamp="2016-12-02T14:46:40.140+01:00" test-source="JUnit">
  <user-story id="cbo.tutorials.features.search.SearchByKeywordStory" name="Search by keyword story" path="cbo.tutorials.features.search"/>
  <tags>
    <tag name="Search" type="capability"/>
    <tag name="Search" type="feature"/>
    <tag name="Search by keyword story" type="story"/>
    <tag name="Search/Search by keyword story" type="story"/>
  </tags>
  <test-step result="ERROR" duration="46240">
    <description>Is the home page</description>
    <error>net.thucydides.core.webdriver.UnsupportedDriverException: Could not instantiate class org.openqa.selenium.firefox.FirefoxDriver</error>
    <exception>net.thucydides.core.webdriver.UnsupportedDriverException:Could not instantiate class org.openqa.selenium.firefox.FirefoxDriver
[cbo.tutorials.steps.serenity.EndUserSteps.is_the_home_page(EndUserSteps.java:32), cbo.tutorials.features.search.SearchByKeywordStory.searching_by_keyword_banana_should_display_the_corresponding_article(SearchByKeywordStory.java:35)]</exception>
  </test-step>
  <test-step result="SKIPPED" duration="7">
    <description>Looks for: pear</description>
  </test-step>
  <test-step result="SKIPPED" duration="1">
    <description>Should see definition: An edible fruit produced by the pear tree, similar to an apple but elongated towards the stem.</description>
  </test-step>
</acceptance-test-run>