<acceptance-test-run title="Searching by keyword apple should display the corresponding article" name="searching_by_keyword_apple_should_display_the_corresponding_article" steps="3" successful="0" failures="0" errors="1" skipped="2" ignored="0" pending="0" annotated-result="ERROR" result="ERROR" duration="45528" timestamp="2016-12-02T14:47:28.095+01:00" test-source="JUnit">
  <user-story id="cbo.tutorials.features.search.SearchByKeywordStory" name="Search by keyword story" path="cbo.tutorials.features.search"/>
  <issues>
    <issue>#WIKI-1</issue>
  </issues>
  <tags>
    <tag name="Search" type="capability"/>
    <tag name="Search" type="feature"/>
    <tag name="Search by keyword story" type="story"/>
    <tag name="Search/Search by keyword story" type="story"/>
  </tags>
  <test-step result="ERROR" duration="45213">
    <description>Is the home page</description>
    <error>net.thucydides.core.webdriver.UnsupportedDriverException: Could not instantiate class org.openqa.selenium.firefox.FirefoxDriver</error>
    <exception>net.thucydides.core.webdriver.UnsupportedDriverException:Could not instantiate class org.openqa.selenium.firefox.FirefoxDriver
[cbo.tutorials.steps.serenity.EndUserSteps.is_the_home_page(EndUserSteps.java:32), cbo.tutorials.features.search.SearchByKeywordStory.searching_by_keyword_apple_should_display_the_corresponding_article(SearchByKeywordStory.java:27)]</exception>
  </test-step>
  <test-step result="SKIPPED" duration="48">
    <description>Looks for: apple</description>
  </test-step>
  <test-step result="SKIPPED" duration="0">
    <description>Should see definition: A common, round fruit produced by the tree Malus domestica, cultivated in temperate climates.</description>
  </test-step>
</acceptance-test-run>